{
  "RSpec": {
    "coverage": {
      "/home/padawan/projects/byzantion_chess/lib/byzantion_chess.rb": [
        1,
        1,
        1,
        1,
        1,
        1,
        1,
        1,
        1,
        1,
        1,
        1,
        1,
        1,
        null,
        1,
        1,
        1,
        1,
        1,
        1,
        1,
        1,
        1,
        1,
        1,
        1,
        null
      ],
      "/home/padawan/projects/byzantion_chess/lib/byzantion_chess/board.rb": [
        1,
        1,
        1,
        1,
        null,
        1,
        6,
        6,
        6,
        6,
        6,
        null,
        null,
        1,
        1062,
        null,
        null,
        1,
        32,
        null,
        null,
        1,
        null,
        20,
        9393,
        null,
        null,
        null,
        1,
        216,
        192,
        0,
        null,
        192,
        null,
        null,
        null,
        1,
        238,
        3994,
        null,
        207,
        null,
        null,
        1,
        null,
        6,
        6,
        48,
        48,
        216,
        216,
        216,
        null,
        24,
        null,
        6,
        null,
        6,
        null,
        12,
        null,
        12,
        null,
        12,
        null,
        48,
        null,
        6,
        null,
        6,
        null,
        12,
        null,
        12,
        null,
        12,
        null,
        48,
        null,
        216,
        null,
        null,
        null,
        null,
        1,
        0,
        null,
        null,
        1,
        481,
        76,
        null,
        null,
        1,
        17,
        17,
        null,
        17,
        2,
        2,
        null,
        null,
        30,
        null,
        15,
        null,
        null,
        3,
        3,
        1,
        1,
        null,
        null,
        12,
        null,
        null,
        15,
        null,
        14,
        1,
        3,
        null,
        0,
        null,
        null,
        null,
        14,
        null,
        14,
        14,
        14,
        14,
        14,
        14,
        1,
        1,
        1,
        null,
        14,
        14,
        14,
        14,
        14,
        null,
        null,
        1,
        62,
        2,
        2,
        31,
        null,
        2,
        null,
        null,
        1,
        18,
        13,
        null,
        13,
        8,
        null,
        11,
        null,
        null,
        1,
        0,
        0,
        0,
        0,
        null,
        0,
        0,
        null,
        null,
        1,
        16,
        9,
        null,
        7,
        null,
        null,
        null,
        1,
        480,
        null,
        null,
        1,
        14,
        1,
        1,
        null,
        null,
        null,
        null,
        1,
        1,
        20,
        622,
        9373,
        null,
        null,
        null,
        null,
        1,
        20,
        9373,
        null,
        null,
        null,
        null
      ],
      "/home/padawan/projects/byzantion_chess/lib/byzantion_chess/piece.rb": [
        1,
        null,
        1,
        1,
        1,
        null,
        1,
        1,
        null,
        1,
        193,
        193,
        193,
        193,
        193,
        null,
        null,
        1,
        18,
        null,
        null,
        1,
        0,
        null,
        null,
        1,
        54,
        null,
        null,
        1,
        0,
        null,
        null,
        1,
        2,
        null,
        null,
        1,
        0,
        null,
        null,
        1,
        127,
        null,
        null,
        1,
        9373,
        null,
        null,
        1,
        1,
        null,
        null,
        1,
        null,
        1,
        0,
        null,
        null,
        null
      ],
      "/home/padawan/projects/byzantion_chess/lib/byzantion_chess/king.rb": [
        1,
        1,
        null,
        null,
        null,
        null
      ],
      "/home/padawan/projects/byzantion_chess/lib/byzantion_chess/queen.rb": [
        1,
        1,
        null,
        null,
        null
      ],
      "/home/padawan/projects/byzantion_chess/lib/byzantion_chess/rook.rb": [
        1,
        1,
        12,
        null,
        null
      ],
      "/home/padawan/projects/byzantion_chess/lib/byzantion_chess/bishop.rb": [
        1,
        1,
        21,
        null,
        null
      ],
      "/home/padawan/projects/byzantion_chess/lib/byzantion_chess/knight.rb": [
        1,
        1,
        23,
        null,
        null
      ],
      "/home/padawan/projects/byzantion_chess/lib/byzantion_chess/pawn.rb": [
        1,
        null,
        1,
        96,
        96,
        null,
        null,
        1,
        62,
        null,
        null,
        1,
        103,
        null,
        103,
        null,
        null,
        1,
        0,
        null,
        null
      ],
      "/home/padawan/projects/byzantion_chess/lib/byzantion_chess/move.rb": [
        1,
        1,
        1,
        1,
        null,
        1,
        17,
        17,
        17,
        17,
        17,
        17,
        17,
        null,
        null,
        1,
        1,
        null,
        null,
        null,
        null
      ],
      "/home/padawan/projects/byzantion_chess/lib/byzantion_chess/field.rb": [
        1,
        null,
        1,
        1,
        null,
        1,
        288,
        288,
        288,
        null,
        null,
        1,
        16,
        null,
        null,
        1,
        54,
        null,
        null,
        1,
        15,
        15,
        15,
        5,
        9,
        null,
        null,
        4,
        6,
        null,
        null,
        6,
        2,
        null,
        2,
        0,
        null,
        null,
        0,
        null,
        null,
        2,
        null,
        0,
        null,
        null,
        null,
        15,
        null,
        null,
        1,
        77,
        null,
        null,
        1,
        10,
        null,
        null,
        1,
        12,
        null,
        null,
        1,
        131,
        160,
        null,
        null,
        1,
        23,
        34,
        5,
        null,
        null,
        1,
        1,
        null,
        null,
        1,
        null,
        1,
        9,
        9,
        null,
        null,
        null
      ],
      "/home/padawan/projects/byzantion_chess/lib/byzantion_chess/castle.rb": [
        1,
        1,
        null,
        1,
        null,
        1,
        2,
        2,
        null,
        null,
        1,
        2,
        2,
        null,
        2,
        2,
        1,
        null,
        1,
        null,
        null,
        0,
        0,
        null,
        0,
        null,
        null,
        null,
        2,
        2,
        2,
        2,
        null,
        null,
        1,
        4,
        4,
        2,
        null,
        2,
        null,
        null,
        0,
        0,
        null,
        0,
        null,
        null,
        null,
        null,
        1,
        2,
        null,
        null,
        1,
        62,
        2,
        null,
        2,
        2,
        1,
        null,
        1,
        null,
        null,
        0,
        0,
        0,
        null,
        0,
        0,
        null,
        null,
        2,
        4,
        62,
        null,
        null,
        2,
        null,
        null,
        1,
        2,
        null,
        null,
        null,
        null,
        null
      ],
      "/home/padawan/projects/byzantion_chess/lib/byzantion_chess/en_passant.rb": [
        1,
        1,
        null,
        1,
        null,
        1,
        3,
        3,
        null,
        null,
        1,
        3,
        3,
        27,
        3,
        null,
        null,
        null,
        null
      ],
      "/home/padawan/projects/byzantion_chess/lib/byzantion_chess/chess_exceptions.rb": [
        1,
        1,
        1,
        1,
        1,
        1,
        1,
        1,
        1,
        null
      ]
    },
    "timestamp": 1371324897
  }
}
